2025.05.30 18:16:34 INFO  Started: Metals version 1.5.3 in folders '/home/yasser/code/cloudCourse' for client Cursor 1.96.2.[0m
2025.05.30 19:03:15 INFO  no build target found for /home/yasser/code/cloudCourse/DiningPhilosophersLocal/src/main/scala/com/example/diningphilosophers/DiningPhilosophersApp.scala. Using presentation compiler with project's scala-library version: 3.3.6[0m
2025.05.30 19:03:49 INFO  no build target found for /home/yasser/code/cloudCourse/DiningPhilosophersLocal/src/main/scala/com/example/diningphilosophers/DiningPhilosophersApp.scala. Using presentation compiler with project's scala-library version: 3.3.6[0m
2025.05.30 19:03:49 INFO  no build target found for /home/yasser/code/cloudCourse/DiningPhilosophersLocal/src/main/scala/com/example/diningphilosophers/DiningPhilosophersApp.scala. Using presentation compiler with project's scala-library version: 3.3.6[0m
2025.05.30 19:03:57 INFO  no build target found for /home/yasser/code/cloudCourse/DiningPhilosophersLocal/src/main/scala/com/example/diningphilosophers/DiningPhilosophersApp.scala. Using presentation compiler with project's scala-library version: 3.3.6[0m
2025.05.30 19:03:57 INFO  no build target found for /home/yasser/code/cloudCourse/DiningPhilosophersLocal/src/main/scala/com/example/diningphilosophers/Philosopher.scala. Using presentation compiler with project's scala-library version: 3.3.6[0m
2025.05.30 19:03:57 INFO  no build target found for /home/yasser/code/cloudCourse/DiningPhilosophersLocal/src/main/scala/com/example/diningphilosophers/Philosopher.scala. Using presentation compiler with project's scala-library version: 3.3.6[0m
2025.05.30 19:03:57 INFO  no build target found for /home/yasser/code/cloudCourse/DiningPhilosophersLocal/src/main/scala/com/example/diningphilosophers/Messages.scala. Using presentation compiler with project's scala-library version: 3.3.6[0m
2025.05.30 19:03:57 INFO  no build target found for /home/yasser/code/cloudCourse/DiningPhilosophersLocal/src/main/scala/com/example/diningphilosophers/Messages.scala. Using presentation compiler with project's scala-library version: 3.3.6[0m
2025.05.30 19:03:57 INFO  no build target found for /home/yasser/code/cloudCourse/DiningPhilosophersLocal/src/main/scala/com/example/diningphilosophers/Fork.scala. Using presentation compiler with project's scala-library version: 3.3.6[0m
2025.05.30 19:03:58 INFO  no build target found for /home/yasser/code/cloudCourse/DiningPhilosophersLocal/src/main/scala/com/example/diningphilosophers/Fork.scala. Using presentation compiler with project's scala-library version: 3.3.6[0m
2025.05.30 19:03:58 INFO  no build target found for /home/yasser/code/cloudCourse/DiningPhilosophersLocal/src/main/scala/com/example/diningphilosophers/DiningPhilosophersApp.scala. Using presentation compiler with project's scala-library version: 3.3.6[0m
2025.05.30 19:04:00 INFO  no build target found for /home/yasser/code/cloudCourse/DiningPhilosophersLocal/src/main/scala/com/example/diningphilosophers/DiningPhilosophersApp.scala. Using presentation compiler with project's scala-library version: 3.3.6[0m
2025.05.30 19:04:00 INFO  no build target found for /home/yasser/code/cloudCourse/DiningPhilosophersLocal/src/main/scala/com/example/diningphilosophers/Fork.scala. Using presentation compiler with project's scala-library version: 3.3.6[0m
2025.05.30 19:04:01 INFO  no build target found for /home/yasser/code/cloudCourse/DiningPhilosophersLocal/src/main/scala/com/example/diningphilosophers/Fork.scala. Using presentation compiler with project's scala-library version: 3.3.6[0m
2025.05.30 19:04:01 INFO  no build target found for /home/yasser/code/cloudCourse/DiningPhilosophersLocal/src/main/scala/com/example/diningphilosophers/Messages.scala. Using presentation compiler with project's scala-library version: 3.3.6[0m
2025.05.30 19:04:01 INFO  no build target found for /home/yasser/code/cloudCourse/DiningPhilosophersLocal/src/main/scala/com/example/diningphilosophers/Messages.scala. Using presentation compiler with project's scala-library version: 3.3.6[0m
2025.05.30 19:04:02 INFO  no build target found for /home/yasser/code/cloudCourse/DiningPhilosophersLocal/src/main/scala/com/example/diningphilosophers/Philosopher.scala. Using presentation compiler with project's scala-library version: 3.3.6[0m
2025.05.30 19:04:03 INFO  no build target found for /home/yasser/code/cloudCourse/DiningPhilosophersLocal/src/main/scala/com/example/diningphilosophers/Philosopher.scala. Using presentation compiler with project's scala-library version: 3.3.6[0m
2025.05.30 19:04:03 INFO  no build target found for /home/yasser/code/cloudCourse/DiningPhilosophersLocal/src/main/scala/com/example/diningphilosophers/Messages.scala. Using presentation compiler with project's scala-library version: 3.3.6[0m
2025.05.30 19:15:55 INFO  no build target found for /home/yasser/code/cloudCourse/DiningPhilosophersLocal/src/main/scala/com/example/diningphilosophers/Messages.scala. Using presentation compiler with project's scala-library version: 3.3.6[0m
2025.05.30 20:05:33 INFO  no build target found for /home/yasser/code/cloudCourse/AkkaActors.scala. Using presentation compiler with project's scala-library version: 3.3.6[0m
2025.05.30 20:05:36 INFO  no build target found for /home/yasser/code/cloudCourse/AkkaActors.scala. Using presentation compiler with project's scala-library version: 3.3.6[0m
2025.05.30 20:05:36 INFO  no build target found for /home/yasser/code/cloudCourse/build.sbt. Using presentation compiler with project's scala-library version: 3.3.6[0m
2025.05.30 20:05:36 INFO  no build target found for /home/yasser/code/cloudCourse/comunication.scala. Using presentation compiler with project's scala-library version: 3.3.6[0m
2025.05.30 20:05:36 WARN  no build target for: /home/yasser/code/cloudCourse/build.sbt[0m
2025.05.30 21:33:16 INFO  Shutting down server[0m
2025.05.30 21:33:16 INFO  shutting down Metals[0m
2025.05.30 21:33:16 INFO  Exiting server[0m
2025.06.04 15:08:54 INFO  Started: Metals version 1.5.3 in folders '/home/yasser/code/cloudCourse' for client Cursor 1.96.2.[0m
2025.06.04 15:09:16 INFO  no build target found for /home/yasser/code/cloudCourse/DiningPhilosophersLocal/src/main/scala/com/example/diningphilosophers/DiningPhilosophersApp.scala. Using presentation compiler with project's scala-library version: 3.3.6[0m
2025.06.04 15:09:37 INFO  no build target found for /home/yasser/code/cloudCourse/DiningPhilosophersLocal/src/main/scala/com/example/diningphilosophers/Messages.scala. Using presentation compiler with project's scala-library version: 3.3.6[0m
2025.06.04 15:09:55 INFO  no build target found for /home/yasser/code/cloudCourse/DiningPhilosophersLocal/src/main/scala/com/example/diningphilosophers/Fork.scala. Using presentation compiler with project's scala-library version: 3.3.6[0m
2025.06.04 15:09:59 INFO  no build target found for /home/yasser/code/cloudCourse/DiningPhilosophersLocal/src/main/scala/com/example/diningphilosophers/Philosopher.scala. Using presentation compiler with project's scala-library version: 3.3.6[0m
2025.06.04 15:45:31 INFO  Shutting down server[0m
2025.06.04 15:45:31 INFO  shutting down Metals[0m
2025.06.04 15:45:31 INFO  Exiting server[0m
